<?xml version="1.0" encoding="UTF-8"?>
<testsuite name="FirstProject.AppTest" tests="1" skipped="0" failures="0" errors="0" timestamp="2024-09-27T12:11:53" hostname="EPINHYDW0E14" time="0.028">
  <properties/>
  <testcase name="testAppOutput()" classname="FirstProject.AppTest" time="0.028"/>
  <system-out><![CDATA[Epam 
]]></system-out>
  <system-err><![CDATA[]]></system-err>
</testsuite>
